[2025-07-29 20:37:59 : INFO] - Cache for multiple term taxonomy have been purged due to post terms update, triggered by action: set_object_terms 
[2025-07-29 20:37:59 : INFO] - Cache for URL: https://dev-bible-notes.pantheonsite.io/meditations/martin-luther-on-confession/ has been purged, triggered by action: save_post 
[2025-07-29 20:37:59 : INFO] - Cache for previous post (with URL: https://dev-bible-notes.pantheonsite.io/meditations/the-luther-rose/) adjacent to post with id: 19908 has been purged, triggered by action: save_post 
[2025-07-29 20:37:59 : INFO] - Cache for all archives page associated with post_type: post and Title: "Martin Luther on Confession" have been purged, triggered by action: save_post 
[2025-07-29 20:38:00 : INFO] - Cache for multiple term taxonomy have been purged due to post terms update, triggered by action: set_object_terms 
[2025-07-29 20:38:00 : INFO] - Cache for URL: https://dev-bible-notes.pantheonsite.io/meditations/martin-luther-on-confession/ has been purged, triggered by action: save_post 
[2025-07-29 20:38:00 : INFO] - Cache for previous post (with URL: https://dev-bible-notes.pantheonsite.io/meditations/the-luther-rose/) adjacent to post with id: 19908 has been purged, triggered by action: save_post 
[2025-07-29 20:38:00 : INFO] - Cache for all archives page associated with post_type: post and Title: "Martin Luther on Confession" have been purged, triggered by action: save_post 
[2025-07-30 04:14:12 : INFO] - Cache for multiple term taxonomy have been purged due to post terms update, triggered by action: set_object_terms 
[2025-07-30 04:14:12 : INFO] - Cache for URL: https://dev-bible-notes.pantheonsite.io/meditations/the-luther-rose/ has been purged, triggered by action: save_post 
[2025-07-30 04:14:12 : INFO] - Cache for previous post (with URL: https://dev-bible-notes.pantheonsite.io/meditations/the-theology-of-exercise/) adjacent to post with id: 19894 has been purged, triggered by action: save_post 
[2025-07-30 04:14:12 : INFO] - Cache for next post (with URL: https://dev-bible-notes.pantheonsite.io/meditations/martin-luther-on-confession/) adjacent to post with id: 19894 has been purged, triggered by action: save_post 
[2025-07-30 04:14:12 : INFO] - Cache for all archives page associated with post_type: post and Title: "The Luther Rose" have been purged, triggered by action: save_post 
[2025-07-30 04:14:12 : INFO] - Cache for multiple term taxonomy have been purged due to post terms update, triggered by action: set_object_terms 
[2025-07-30 04:14:12 : INFO] - Cache for URL: https://dev-bible-notes.pantheonsite.io/meditations/the-luther-rose/ has been purged, triggered by action: save_post 
[2025-07-30 04:14:12 : INFO] - Cache for previous post (with URL: https://dev-bible-notes.pantheonsite.io/meditations/the-theology-of-exercise/) adjacent to post with id: 19894 has been purged, triggered by action: save_post 
[2025-07-30 04:14:12 : INFO] - Cache for next post (with URL: https://dev-bible-notes.pantheonsite.io/meditations/martin-luther-on-confession/) adjacent to post with id: 19894 has been purged, triggered by action: save_post 
[2025-07-30 04:14:12 : INFO] - Cache for all archives page associated with post_type: post and Title: "The Luther Rose" have been purged, triggered by action: save_post 
[2025-07-30 13:15:39 : INFO] - Cache for URL: https://dev-bible-notes.pantheonsite.io/resources/saints-and-church-fathers/ has been purged, triggered by action: save_post 
[2025-07-30 13:15:40 : INFO] - Cache for URL: https://dev-bible-notes.pantheonsite.io/resources/saints-and-church-fathers/ has been purged, triggered by action: save_post 
[2025-07-30 13:15:46 : INFO] - Cache for URL: https://dev-bible-notes.pantheonsite.io/?page_id=19931 has been purged, triggered by action: save_post 
[2025-07-30 13:18:13 : INFO] - Cache for URL: https://dev-bible-notes.pantheonsite.io/resources/saints-and-church-fathers/christopher-of-lycia/ has been purged, triggered by action: save_post 
[2025-07-30 13:18:14 : INFO] - Cache for URL: https://dev-bible-notes.pantheonsite.io/resources/saints-and-church-fathers/christopher-of-lycia/ has been purged, triggered by action: save_post 
[2025-07-30 13:18:24 : INFO] - Cache for URL: https://dev-bible-notes.pantheonsite.io/resources/saints-and-church-fathers/ has been purged, triggered by action: save_post 
[2025-07-30 13:18:24 : INFO] - Cache for URL: https://dev-bible-notes.pantheonsite.io/resources/saints-and-church-fathers/ has been purged, triggered by action: save_post 
[2025-07-30 13:20:06 : INFO] - Cache for URL: https://dev-bible-notes.pantheonsite.io/resources/saints-and-church-fathers/christopher-of-lycia/ has been purged, triggered by action: save_post 
[2025-07-30 13:20:07 : INFO] - Cache for URL: https://dev-bible-notes.pantheonsite.io/resources/saints-and-church-fathers/christopher-of-lycia/ has been purged, triggered by action: save_post 
[2025-07-30 13:26:00 : INFO] - Cache for URL: https://dev-bible-notes.pantheonsite.io/resources/saints-and-church-fathers/christopher-of-lycia/ has been purged, triggered by action: save_post 
[2025-07-30 13:26:01 : INFO] - Cache for URL: https://dev-bible-notes.pantheonsite.io/resources/saints-and-church-fathers/christopher-of-lycia/ has been purged, triggered by action: save_post 
[2025-07-30 13:29:05 : INFO] - Cache for URL: https://dev-bible-notes.pantheonsite.io/resources/saints-and-church-fathers/christopher-of-lycia/ has been purged, triggered by action: save_post 
[2025-07-30 13:29:05 : INFO] - Cache for URL: https://dev-bible-notes.pantheonsite.io/resources/saints-and-church-fathers/christopher-of-lycia/ has been purged, triggered by action: save_post 
[2025-07-30 13:29:20 : INFO] - Cache for URL: https://dev-bible-notes.pantheonsite.io/resources/saints-and-church-fathers/christopher-of-lycia/ has been purged, triggered by action: save_post 
[2025-07-30 13:29:21 : INFO] - Cache for URL: https://dev-bible-notes.pantheonsite.io/resources/saints-and-church-fathers/christopher-of-lycia/ has been purged, triggered by action: save_post 
[2025-07-30 13:29:40 : INFO] - Cache for URL: https://dev-bible-notes.pantheonsite.io/resources/saints-and-church-fathers/christopher-of-lycia/ has been purged, triggered by action: save_post 
[2025-07-30 13:29:41 : INFO] - Cache for URL: https://dev-bible-notes.pantheonsite.io/resources/saints-and-church-fathers/christopher-of-lycia/ has been purged, triggered by action: save_post 
[2025-07-30 13:31:47 : INFO] - Cache for URL: https://dev-bible-notes.pantheonsite.io/resources/saints-and-church-fathers/christopher-of-lycia/ has been purged, triggered by action: save_post 
[2025-07-30 13:31:48 : INFO] - Cache for URL: https://dev-bible-notes.pantheonsite.io/resources/saints-and-church-fathers/christopher-of-lycia/ has been purged, triggered by action: save_post 
[2025-07-30 13:34:38 : INFO] - Cache for URL: https://dev-bible-notes.pantheonsite.io/resources/saints-and-church-fathers/christopher-of-lycia/ has been purged, triggered by action: save_post 
[2025-07-30 13:34:39 : INFO] - Cache for URL: https://dev-bible-notes.pantheonsite.io/resources/saints-and-church-fathers/christopher-of-lycia/ has been purged, triggered by action: save_post 
[2025-07-30 13:42:18 : INFO] - Cache for URL: https://dev-bible-notes.pantheonsite.io/resources/saints-and-church-fathers/christopher-of-lycia/ has been purged, triggered by action: save_post 
[2025-07-30 13:42:19 : INFO] - Cache for URL: https://dev-bible-notes.pantheonsite.io/resources/saints-and-church-fathers/christopher-of-lycia/ has been purged, triggered by action: save_post 
[2025-07-30 13:42:42 : INFO] - Cache for URL: https://dev-bible-notes.pantheonsite.io/resources/saints-and-church-fathers/christopher-of-lycia/ has been purged, triggered by action: save_post 
[2025-07-30 13:42:42 : INFO] - Cache for URL: https://dev-bible-notes.pantheonsite.io/resources/saints-and-church-fathers/christopher-of-lycia/ has been purged, triggered by action: save_post 
[2025-07-30 13:48:52 : INFO] - Cache for URL: https://dev-bible-notes.pantheonsite.io/resources/saints-and-church-fathers/christopher-of-lycia/ has been purged, triggered by action: save_post 
[2025-07-30 13:48:53 : INFO] - Cache for URL: https://dev-bible-notes.pantheonsite.io/resources/saints-and-church-fathers/christopher-of-lycia/ has been purged, triggered by action: save_post 
[2025-07-30 13:49:13 : INFO] - Cache for URL: https://dev-bible-notes.pantheonsite.io/resources/saints-and-church-fathers/christopher-of-lycia/ has been purged, triggered by action: save_post 
[2025-07-30 13:49:14 : INFO] - Cache for URL: https://dev-bible-notes.pantheonsite.io/resources/saints-and-church-fathers/christopher-of-lycia/ has been purged, triggered by action: save_post 
[2025-07-30 13:49:17 : INFO] - Cache for URL: https://dev-bible-notes.pantheonsite.io/resources/saints-and-church-fathers/christopher-of-lycia/ has been purged, triggered by action: save_post 
[2025-07-30 13:49:18 : INFO] - Cache for URL: https://dev-bible-notes.pantheonsite.io/resources/saints-and-church-fathers/christopher-of-lycia/ has been purged, triggered by action: save_post 
[2025-07-30 13:49:42 : INFO] - Cache for URL: https://dev-bible-notes.pantheonsite.io/resources/saints-and-church-fathers/christopher-of-lycia/ has been purged, triggered by action: save_post 
[2025-07-30 13:49:43 : INFO] - Cache for URL: https://dev-bible-notes.pantheonsite.io/resources/saints-and-church-fathers/christopher-of-lycia/ has been purged, triggered by action: save_post 
[2025-07-30 13:50:38 : INFO] - Cache for URL: https://dev-bible-notes.pantheonsite.io/resources/saints-and-church-fathers/christopher-of-lycia/ has been purged, triggered by action: save_post 
[2025-07-30 13:50:39 : INFO] - Cache for URL: https://dev-bible-notes.pantheonsite.io/resources/saints-and-church-fathers/christopher-of-lycia/ has been purged, triggered by action: save_post 
[2025-07-30 13:52:45 : INFO] - Cache for URL: https://dev-bible-notes.pantheonsite.io/resources/saints-and-church-fathers/christopher-of-lycia/ has been purged, triggered by action: save_post 
[2025-07-30 13:52:45 : INFO] - Cache for URL: https://dev-bible-notes.pantheonsite.io/resources/saints-and-church-fathers/christopher-of-lycia/ has been purged, triggered by action: save_post 
[2025-08-04 13:42:38 : INFO] - Cache for multiple term taxonomy have been purged due to post terms update, triggered by action: set_object_terms 
[2025-08-04 13:42:38 : INFO] - Cache for URL: https://dev-bible-notes.pantheonsite.io/meditations/martin-luther-on-transubstantiation/ has been purged, triggered by action: save_post 
[2025-08-04 13:42:38 : INFO] - Cache for previous post (with URL: https://dev-bible-notes.pantheonsite.io/meditations/martin-luther-on-the-memorial-lords-supper/) adjacent to post with id: 18759 has been purged, triggered by action: save_post 
[2025-08-04 13:42:38 : INFO] - Cache for next post (with URL: https://dev-bible-notes.pantheonsite.io/meditations/martin-luther-on-the-theologians-of-the-sentences/) adjacent to post with id: 18759 has been purged, triggered by action: save_post 
[2025-08-04 13:42:38 : INFO] - Cache for all archives page associated with post_type: post and Title: "Martin Luther on Transubstantiation" have been purged, triggered by action: save_post 
[2025-08-04 13:42:38 : INFO] - Cache for multiple term taxonomy have been purged due to post terms update, triggered by action: set_object_terms 
[2025-08-04 13:42:39 : INFO] - Cache for URL: https://dev-bible-notes.pantheonsite.io/meditations/martin-luther-on-transubstantiation/ has been purged, triggered by action: save_post 
[2025-08-04 13:42:39 : INFO] - Cache for previous post (with URL: https://dev-bible-notes.pantheonsite.io/meditations/martin-luther-on-the-memorial-lords-supper/) adjacent to post with id: 18759 has been purged, triggered by action: save_post 
[2025-08-04 13:42:39 : INFO] - Cache for next post (with URL: https://dev-bible-notes.pantheonsite.io/meditations/martin-luther-on-the-theologians-of-the-sentences/) adjacent to post with id: 18759 has been purged, triggered by action: save_post 
[2025-08-04 13:42:39 : INFO] - Cache for all archives page associated with post_type: post and Title: "Martin Luther on Transubstantiation" have been purged, triggered by action: save_post 
[2025-08-04 13:44:35 : INFO] - Cache for multiple term taxonomy have been purged due to post terms update, triggered by action: set_object_terms 
[2025-08-04 13:44:35 : INFO] - Cache for URL: https://dev-bible-notes.pantheonsite.io/meditations/martin-luther-on-confession/ has been purged, triggered by action: save_post 
[2025-08-04 13:44:35 : INFO] - Cache for previous post (with URL: https://dev-bible-notes.pantheonsite.io/meditations/the-luther-rose/) adjacent to post with id: 19908 has been purged, triggered by action: save_post 
[2025-08-04 13:44:35 : INFO] - Cache for all archives page associated with post_type: post and Title: "Martin Luther on Confession" have been purged, triggered by action: save_post 
[2025-08-04 13:44:35 : INFO] - Cache for multiple term taxonomy have been purged due to post terms update, triggered by action: set_object_terms 
[2025-08-04 13:44:35 : INFO] - Cache for URL: https://dev-bible-notes.pantheonsite.io/meditations/martin-luther-on-confession/ has been purged, triggered by action: save_post 
[2025-08-04 13:44:35 : INFO] - Cache for previous post (with URL: https://dev-bible-notes.pantheonsite.io/meditations/the-luther-rose/) adjacent to post with id: 19908 has been purged, triggered by action: save_post 
[2025-08-04 13:44:35 : INFO] - Cache for all archives page associated with post_type: post and Title: "Martin Luther on Confession" have been purged, triggered by action: save_post 
[2025-08-04 13:49:29 : INFO] - Cache for multiple term taxonomy have been purged due to post terms update, triggered by action: set_object_terms 
[2025-08-04 13:49:29 : INFO] - Cache for URL: https://dev-bible-notes.pantheonsite.io/meditations/martin-luther-on-confession/ has been purged, triggered by action: save_post 
[2025-08-04 13:49:29 : INFO] - Cache for previous post (with URL: https://dev-bible-notes.pantheonsite.io/meditations/the-luther-rose/) adjacent to post with id: 19908 has been purged, triggered by action: save_post 
[2025-08-04 13:49:29 : INFO] - Cache for all archives page associated with post_type: post and Title: "Martin Luther on Confession" have been purged, triggered by action: save_post 
[2025-08-04 13:49:30 : INFO] - Cache for multiple term taxonomy have been purged due to post terms update, triggered by action: set_object_terms 
[2025-08-04 13:49:30 : INFO] - Cache for URL: https://dev-bible-notes.pantheonsite.io/meditations/martin-luther-on-confession/ has been purged, triggered by action: save_post 
[2025-08-04 13:49:30 : INFO] - Cache for previous post (with URL: https://dev-bible-notes.pantheonsite.io/meditations/the-luther-rose/) adjacent to post with id: 19908 has been purged, triggered by action: save_post 
[2025-08-04 13:49:30 : INFO] - Cache for all archives page associated with post_type: post and Title: "Martin Luther on Confession" have been purged, triggered by action: save_post 
[2025-08-04 13:50:34 : INFO] - Cache for multiple term taxonomy have been purged due to post terms update, triggered by action: set_object_terms 
[2025-08-04 13:50:34 : INFO] - Cache for URL: https://dev-bible-notes.pantheonsite.io/meditations/martin-luther-on-confession/ has been purged, triggered by action: save_post 
[2025-08-04 13:50:34 : INFO] - Cache for previous post (with URL: https://dev-bible-notes.pantheonsite.io/meditations/the-luther-rose/) adjacent to post with id: 19908 has been purged, triggered by action: save_post 
[2025-08-04 13:50:34 : INFO] - Cache for all archives page associated with post_type: post and Title: "Martin Luther on Confession" have been purged, triggered by action: save_post 
[2025-08-04 13:50:34 : INFO] - Cache for multiple term taxonomy have been purged due to post terms update, triggered by action: set_object_terms 
[2025-08-04 13:50:34 : INFO] - Cache for URL: https://dev-bible-notes.pantheonsite.io/meditations/martin-luther-on-confession/ has been purged, triggered by action: save_post 
[2025-08-04 13:50:34 : INFO] - Cache for previous post (with URL: https://dev-bible-notes.pantheonsite.io/meditations/the-luther-rose/) adjacent to post with id: 19908 has been purged, triggered by action: save_post 
[2025-08-04 13:50:34 : INFO] - Cache for all archives page associated with post_type: post and Title: "Martin Luther on Confession" have been purged, triggered by action: save_post 
[2025-08-04 13:51:12 : INFO] - Cache for URL: https://dev-bible-notes.pantheonsite.io/?page_id=19959 has been purged, triggered by action: save_post 
[2025-08-04 14:17:52 : INFO] - Cache for URL: https://dev-bible-notes.pantheonsite.io/?page_id=19959 has been purged, triggered by action: save_post 
[2025-08-04 14:17:53 : INFO] - Cache for URL: https://dev-bible-notes.pantheonsite.io/?page_id=19959 has been purged, triggered by action: save_post 
[2025-08-04 14:18:01 : INFO] - Cache for URL: https://dev-bible-notes.pantheonsite.io/resources/saints-and-church-fathers/anne/ has been purged, triggered by action: save_post 
[2025-08-04 14:18:01 : INFO] - Cache for URL: https://dev-bible-notes.pantheonsite.io/resources/saints-and-church-fathers/anne/ has been purged, triggered by action: save_post 
[2025-08-04 14:18:28 : INFO] - Cache for URL: https://dev-bible-notes.pantheonsite.io/?page_id=19961 has been purged, triggered by action: save_post 
[2025-08-04 14:19:56 : INFO] - Cache for URL: https://dev-bible-notes.pantheonsite.io/resources/saints-and-church-fathers/joachim/ has been purged, triggered by action: save_post 
[2025-08-04 14:19:56 : INFO] - Cache for URL: https://dev-bible-notes.pantheonsite.io/resources/saints-and-church-fathers/joachim/ has been purged, triggered by action: save_post 
[2025-08-04 14:25:46 : INFO] - Cache for URL: https://dev-bible-notes.pantheonsite.io/resources/saints-and-church-fathers/anne/ has been purged, triggered by action: save_post 
[2025-08-04 14:25:46 : INFO] - Cache for URL: https://dev-bible-notes.pantheonsite.io/resources/saints-and-church-fathers/anne/ has been purged, triggered by action: save_post 
[2025-08-04 14:26:23 : INFO] - Cache for URL: https://dev-bible-notes.pantheonsite.io/resources/saints-and-church-fathers/joachim/ has been purged, triggered by action: save_post 
[2025-08-04 14:26:24 : INFO] - Cache for URL: https://dev-bible-notes.pantheonsite.io/resources/saints-and-church-fathers/joachim/ has been purged, triggered by action: save_post 
[2025-08-04 14:27:43 : INFO] - Cache for URL: https://dev-bible-notes.pantheonsite.io/resources/saints-and-church-fathers/joachim/ has been purged, triggered by action: save_post 
[2025-08-04 14:27:44 : INFO] - Cache for URL: https://dev-bible-notes.pantheonsite.io/resources/saints-and-church-fathers/joachim/ has been purged, triggered by action: save_post 
[2025-08-04 14:29:17 : INFO] - Cache for URL: https://dev-bible-notes.pantheonsite.io/resources/saints-and-church-fathers/joachim/ has been purged, triggered by action: save_post 
[2025-08-04 14:29:17 : INFO] - Cache for URL: https://dev-bible-notes.pantheonsite.io/resources/saints-and-church-fathers/joachim/ has been purged, triggered by action: save_post 
[2025-08-04 14:29:39 : INFO] - Cache for URL: https://dev-bible-notes.pantheonsite.io/resources/saints-and-church-fathers/anne/ has been purged, triggered by action: save_post 
[2025-08-04 14:29:40 : INFO] - Cache for URL: https://dev-bible-notes.pantheonsite.io/resources/saints-and-church-fathers/anne/ has been purged, triggered by action: save_post 
[2025-08-04 14:32:50 : INFO] - Cache for URL: https://dev-bible-notes.pantheonsite.io/resources/saints-and-church-fathers/joachim/ has been purged, triggered by action: save_post 
[2025-08-04 14:32:50 : INFO] - Cache for URL: https://dev-bible-notes.pantheonsite.io/resources/saints-and-church-fathers/joachim/ has been purged, triggered by action: save_post 
[2025-08-04 14:33:18 : INFO] - Cache for URL: https://dev-bible-notes.pantheonsite.io/resources/saints-and-church-fathers/anne/ has been purged, triggered by action: save_post 
[2025-08-04 14:33:18 : INFO] - Cache for URL: https://dev-bible-notes.pantheonsite.io/resources/saints-and-church-fathers/anne/ has been purged, triggered by action: save_post 
[2025-08-04 14:33:34 : INFO] - Cache for URL: https://dev-bible-notes.pantheonsite.io/resources/saints-and-church-fathers/joachim/ has been purged, triggered by action: save_post 
[2025-08-04 14:33:35 : INFO] - Cache for URL: https://dev-bible-notes.pantheonsite.io/resources/saints-and-church-fathers/joachim/ has been purged, triggered by action: save_post 
[2025-08-04 14:33:50 : INFO] - Cache for URL: https://dev-bible-notes.pantheonsite.io/resources/saints-and-church-fathers/joachim/ has been purged, triggered by action: save_post 
[2025-08-04 14:33:51 : INFO] - Cache for URL: https://dev-bible-notes.pantheonsite.io/resources/saints-and-church-fathers/joachim/ has been purged, triggered by action: save_post 
[2025-08-04 14:33:55 : INFO] - Cache for URL: https://dev-bible-notes.pantheonsite.io/resources/saints-and-church-fathers/anne/ has been purged, triggered by action: save_post 
[2025-08-04 14:33:56 : INFO] - Cache for URL: https://dev-bible-notes.pantheonsite.io/resources/saints-and-church-fathers/anne/ has been purged, triggered by action: save_post 
[2025-08-04 14:35:51 : INFO] - Cache for URL: https://dev-bible-notes.pantheonsite.io/resources/saints-and-church-fathers/anne/ has been purged, triggered by action: save_post 
[2025-08-04 14:35:51 : INFO] - Cache for URL: https://dev-bible-notes.pantheonsite.io/resources/saints-and-church-fathers/anne/ has been purged, triggered by action: save_post 
[2025-08-04 14:36:10 : INFO] - Cache for URL: https://dev-bible-notes.pantheonsite.io/resources/saints-and-church-fathers/anne/ has been purged, triggered by action: save_post 
[2025-08-04 14:36:10 : INFO] - Cache for URL: https://dev-bible-notes.pantheonsite.io/resources/saints-and-church-fathers/anne/ has been purged, triggered by action: save_post 
[2025-08-04 14:36:14 : INFO] - Cache for URL: https://dev-bible-notes.pantheonsite.io/resources/saints-and-church-fathers/joachim/ has been purged, triggered by action: save_post 
[2025-08-04 14:36:14 : INFO] - Cache for URL: https://dev-bible-notes.pantheonsite.io/resources/saints-and-church-fathers/joachim/ has been purged, triggered by action: save_post 
[2025-08-04 14:41:53 : INFO] - Cache for URL: https://dev-bible-notes.pantheonsite.io/resources/saints-and-church-fathers/joachim/ has been purged, triggered by action: save_post 
[2025-08-04 14:41:54 : INFO] - Cache for URL: https://dev-bible-notes.pantheonsite.io/resources/saints-and-church-fathers/joachim/ has been purged, triggered by action: save_post 
[2025-08-04 14:42:40 : INFO] - Cache for URL: https://dev-bible-notes.pantheonsite.io/resources/saints-and-church-fathers/joachim/ has been purged, triggered by action: save_post 
[2025-08-04 14:42:40 : INFO] - Cache for URL: https://dev-bible-notes.pantheonsite.io/resources/saints-and-church-fathers/joachim/ has been purged, triggered by action: save_post 
[2025-08-04 14:44:26 : INFO] - Cache for URL: https://dev-bible-notes.pantheonsite.io/resources/saints-and-church-fathers/joachim/ has been purged, triggered by action: save_post 
[2025-08-04 14:44:26 : INFO] - Cache for URL: https://dev-bible-notes.pantheonsite.io/resources/saints-and-church-fathers/joachim/ has been purged, triggered by action: save_post 
[2025-08-04 14:44:41 : INFO] - Cache for URL: https://dev-bible-notes.pantheonsite.io/resources/saints-and-church-fathers/anne/ has been purged, triggered by action: save_post 
[2025-08-04 14:44:42 : INFO] - Cache for URL: https://dev-bible-notes.pantheonsite.io/resources/saints-and-church-fathers/anne/ has been purged, triggered by action: save_post 
[2025-08-04 14:48:21 : INFO] - Cache for URL: https://dev-bible-notes.pantheonsite.io/resources/saints-and-church-fathers/anne/ has been purged, triggered by action: save_post 
[2025-08-04 14:48:22 : INFO] - Cache for URL: https://dev-bible-notes.pantheonsite.io/resources/saints-and-church-fathers/anne/ has been purged, triggered by action: save_post 
[2025-08-04 14:48:38 : INFO] - Cache for URL: https://dev-bible-notes.pantheonsite.io/resources/saints-and-church-fathers/joachim/ has been purged, triggered by action: save_post 
[2025-08-04 14:48:39 : INFO] - Cache for URL: https://dev-bible-notes.pantheonsite.io/resources/saints-and-church-fathers/joachim/ has been purged, triggered by action: save_post 
[2025-08-04 14:54:11 : INFO] - Cache for URL: https://dev-bible-notes.pantheonsite.io/resources/saints-and-church-fathers/joachim/ has been purged, triggered by action: save_post 
[2025-08-04 14:54:12 : INFO] - Cache for URL: https://dev-bible-notes.pantheonsite.io/resources/saints-and-church-fathers/joachim/ has been purged, triggered by action: save_post 
[2025-08-04 14:54:17 : INFO] - Cache for URL: https://dev-bible-notes.pantheonsite.io/resources/saints-and-church-fathers/anne/ has been purged, triggered by action: save_post 
[2025-08-04 14:54:17 : INFO] - Cache for URL: https://dev-bible-notes.pantheonsite.io/resources/saints-and-church-fathers/anne/ has been purged, triggered by action: save_post 
[2025-08-04 14:55:23 : INFO] - Cache for URL: https://dev-bible-notes.pantheonsite.io/resources/saints-and-church-fathers/anne/ has been purged, triggered by action: save_post 
[2025-08-04 14:55:24 : INFO] - Cache for URL: https://dev-bible-notes.pantheonsite.io/resources/saints-and-church-fathers/anne/ has been purged, triggered by action: save_post 
[2025-08-04 14:55:26 : INFO] - Cache for URL: https://dev-bible-notes.pantheonsite.io/resources/saints-and-church-fathers/joachim/ has been purged, triggered by action: save_post 
[2025-08-04 14:55:26 : INFO] - Cache for URL: https://dev-bible-notes.pantheonsite.io/resources/saints-and-church-fathers/joachim/ has been purged, triggered by action: save_post 
[2025-08-04 14:55:51 : INFO] - Cache for URL: https://dev-bible-notes.pantheonsite.io/resources/saints-and-church-fathers/joachim/ has been purged, triggered by action: save_post 
[2025-08-04 14:55:51 : INFO] - Cache for URL: https://dev-bible-notes.pantheonsite.io/resources/saints-and-church-fathers/joachim/ has been purged, triggered by action: save_post 
[2025-08-04 14:55:55 : INFO] - Cache for URL: https://dev-bible-notes.pantheonsite.io/resources/saints-and-church-fathers/anne/ has been purged, triggered by action: save_post 
[2025-08-04 14:55:55 : INFO] - Cache for URL: https://dev-bible-notes.pantheonsite.io/resources/saints-and-church-fathers/anne/ has been purged, triggered by action: save_post 
[2025-08-04 14:57:13 : INFO] - Cache for URL: https://dev-bible-notes.pantheonsite.io/resources/saints-and-church-fathers/anne/ has been purged, triggered by action: save_post 
[2025-08-04 14:57:14 : INFO] - Cache for URL: https://dev-bible-notes.pantheonsite.io/resources/saints-and-church-fathers/anne/ has been purged, triggered by action: save_post 
[2025-08-04 14:57:23 : INFO] - Cache for URL: https://dev-bible-notes.pantheonsite.io/resources/saints-and-church-fathers/joachim/ has been purged, triggered by action: save_post 
[2025-08-04 14:57:23 : INFO] - Cache for URL: https://dev-bible-notes.pantheonsite.io/resources/saints-and-church-fathers/joachim/ has been purged, triggered by action: save_post 
[2025-08-04 16:29:26 : INFO] - Cache for URL: https://dev-bible-notes.pantheonsite.io/resources/saints-and-church-fathers/joachim/ has been purged, triggered by action: save_post 
[2025-08-04 16:29:26 : INFO] - Cache for URL: https://dev-bible-notes.pantheonsite.io/resources/saints-and-church-fathers/joachim/ has been purged, triggered by action: save_post 
[2025-08-04 16:29:34 : INFO] - Cache for URL: https://dev-bible-notes.pantheonsite.io/resources/saints-and-church-fathers/anne/ has been purged, triggered by action: save_post 
[2025-08-04 16:29:35 : INFO] - Cache for URL: https://dev-bible-notes.pantheonsite.io/resources/saints-and-church-fathers/anne/ has been purged, triggered by action: save_post 
[2025-08-04 16:32:57 : INFO] - Cache for URL: https://dev-bible-notes.pantheonsite.io/resources/saints-and-church-fathers/joachim/ has been purged, triggered by action: save_post 
[2025-08-04 16:32:57 : INFO] - Cache for URL: https://dev-bible-notes.pantheonsite.io/resources/saints-and-church-fathers/joachim/ has been purged, triggered by action: save_post 
[2025-08-04 16:37:02 : INFO] - Cache for URL: https://dev-bible-notes.pantheonsite.io/resources/saints-and-church-fathers/joachim/ has been purged, triggered by action: save_post 
[2025-08-04 16:37:03 : INFO] - Cache for URL: https://dev-bible-notes.pantheonsite.io/resources/saints-and-church-fathers/joachim/ has been purged, triggered by action: save_post 
[2025-08-04 16:41:53 : INFO] - Cache for URL: https://dev-bible-notes.pantheonsite.io/resources/saints-and-church-fathers/joachim/ has been purged, triggered by action: save_post 
[2025-08-04 16:41:54 : INFO] - Cache for URL: https://dev-bible-notes.pantheonsite.io/resources/saints-and-church-fathers/joachim/ has been purged, triggered by action: save_post 
[2025-08-04 16:44:06 : INFO] - Cache for URL: https://dev-bible-notes.pantheonsite.io/resources/saints-and-church-fathers/joachim/ has been purged, triggered by action: save_post 
[2025-08-04 16:44:07 : INFO] - Cache for URL: https://dev-bible-notes.pantheonsite.io/resources/saints-and-church-fathers/joachim/ has been purged, triggered by action: save_post 
[2025-08-04 16:44:41 : INFO] - Cache for URL: https://dev-bible-notes.pantheonsite.io/resources/saints-and-church-fathers/joachim-and-anne/ has been purged, triggered by action: save_post 
[2025-08-04 16:44:41 : INFO] - Cache for URL: https://dev-bible-notes.pantheonsite.io/resources/saints-and-church-fathers/joachim-and-anne/ has been purged, triggered by action: save_post 
[2025-08-04 17:05:57 : INFO] - Cache for URL: https://dev-bible-notes.pantheonsite.io/resources/lexicon/ has been purged, triggered by action: save_post 
[2025-08-04 17:05:58 : INFO] - Cache for URL: https://dev-bible-notes.pantheonsite.io/resources/lexicon/ has been purged, triggered by action: save_post 
[2025-08-04 17:06:15 : INFO] - Cache for URL: https://dev-bible-notes.pantheonsite.io/resources/saints-and-church-fathers/joachim-and-anne/ has been purged, triggered by action: save_post 
[2025-08-04 17:06:16 : INFO] - Cache for URL: https://dev-bible-notes.pantheonsite.io/resources/saints-and-church-fathers/joachim-and-anne/ has been purged, triggered by action: save_post 
[2025-08-04 17:06:33 : INFO] - Cache for URL: https://dev-bible-notes.pantheonsite.io/resources/saints-and-church-fathers/joachim-and-anne/ has been purged, triggered by action: save_post 
[2025-08-04 17:06:34 : INFO] - Cache for URL: https://dev-bible-notes.pantheonsite.io/resources/saints-and-church-fathers/joachim-and-anne/ has been purged, triggered by action: save_post 
[2025-08-04 17:17:35 : INFO] - Cache for URL: https://dev-bible-notes.pantheonsite.io/resources/saints-and-church-fathers/joachim-and-anne/ has been purged, triggered by action: save_post 
[2025-08-04 17:17:35 : INFO] - Cache for URL: https://dev-bible-notes.pantheonsite.io/resources/saints-and-church-fathers/joachim-and-anne/ has been purged, triggered by action: save_post 
[2025-08-04 17:18:00 : INFO] - Cache for URL: https://dev-bible-notes.pantheonsite.io/resources/saints-and-church-fathers/anne/ has been purged, triggered by action: wp_trash_post 
[2025-08-04 17:18:00 : INFO] - Cache for URL: https://dev-bible-notes.pantheonsite.io/?page_id=19959 has been purged, triggered by action: save_post 
[2025-08-04 17:18:13 : INFO] - Cache for URL: https://dev-bible-notes.pantheonsite.io/resources/saints-and-church-fathers/joachim-and-anne/ has been purged, triggered by action: save_post 
[2025-08-04 17:18:13 : INFO] - Cache for URL: https://dev-bible-notes.pantheonsite.io/resources/saints-and-church-fathers/joachim-and-anne/ has been purged, triggered by action: save_post 
[2025-08-04 17:27:43 : INFO] - Cache for URL: https://dev-bible-notes.pantheonsite.io/resources/saints-and-church-fathers/joachim-and-anne/ has been purged, triggered by action: save_post 
[2025-08-04 17:27:44 : INFO] - Cache for URL: https://dev-bible-notes.pantheonsite.io/resources/saints-and-church-fathers/joachim-and-anne/ has been purged, triggered by action: save_post 
[2025-08-04 17:30:29 : INFO] - Cache for URL: https://dev-bible-notes.pantheonsite.io/resources/saints-and-church-fathers/joachim-and-anne/ has been purged, triggered by action: save_post 
[2025-08-04 17:30:30 : INFO] - Cache for URL: https://dev-bible-notes.pantheonsite.io/resources/saints-and-church-fathers/joachim-and-anne/ has been purged, triggered by action: save_post 
[2025-08-04 17:31:14 : INFO] - Cache for URL: https://dev-bible-notes.pantheonsite.io/resources/saints-and-church-fathers/joachim-and-anne/ has been purged, triggered by action: save_post 
[2025-08-04 17:31:14 : INFO] - Cache for URL: https://dev-bible-notes.pantheonsite.io/resources/saints-and-church-fathers/joachim-and-anne/ has been purged, triggered by action: save_post 
[2025-08-04 17:31:41 : INFO] - Cache for URL: https://dev-bible-notes.pantheonsite.io/resources/saints-and-church-fathers/joachim-and-anne/ has been purged, triggered by action: save_post 
[2025-08-04 17:31:41 : INFO] - Cache for URL: https://dev-bible-notes.pantheonsite.io/resources/saints-and-church-fathers/joachim-and-anne/ has been purged, triggered by action: save_post 
[2025-08-04 17:34:55 : INFO] - Cache for URL: https://dev-bible-notes.pantheonsite.io/resources/saints-and-church-fathers/joachim-and-anne/ has been purged, triggered by action: save_post 
[2025-08-04 17:34:55 : INFO] - Cache for URL: https://dev-bible-notes.pantheonsite.io/resources/saints-and-church-fathers/joachim-and-anne/ has been purged, triggered by action: save_post 
[2025-08-04 17:35:38 : INFO] - Cache for URL: https://dev-bible-notes.pantheonsite.io/resources/saints-and-church-fathers/joachim-and-anne/ has been purged, triggered by action: save_post 
[2025-08-04 17:35:38 : INFO] - Cache for URL: https://dev-bible-notes.pantheonsite.io/resources/saints-and-church-fathers/joachim-and-anne/ has been purged, triggered by action: save_post 
[2025-08-04 17:41:17 : INFO] - Cache for URL: https://dev-bible-notes.pantheonsite.io/resources/saints-and-church-fathers/joachim-and-anne/ has been purged, triggered by action: save_post 
[2025-08-04 17:41:18 : INFO] - Cache for URL: https://dev-bible-notes.pantheonsite.io/resources/saints-and-church-fathers/joachim-and-anne/ has been purged, triggered by action: save_post 
[2025-08-04 17:45:16 : INFO] - Cache for URL: https://dev-bible-notes.pantheonsite.io/resources/saints-and-church-fathers/joachim-and-anne/ has been purged, triggered by action: save_post 
[2025-08-04 17:45:17 : INFO] - Cache for URL: https://dev-bible-notes.pantheonsite.io/resources/saints-and-church-fathers/joachim-and-anne/ has been purged, triggered by action: save_post 
[2025-08-04 17:54:01 : INFO] - Cache for URL: https://dev-bible-notes.pantheonsite.io/resources/saints-and-church-fathers/joachim-and-anne/ has been purged, triggered by action: save_post 
[2025-08-04 17:54:01 : INFO] - Cache for URL: https://dev-bible-notes.pantheonsite.io/resources/saints-and-church-fathers/joachim-and-anne/ has been purged, triggered by action: save_post 
[2025-08-04 17:55:41 : INFO] - Cache for URL: https://dev-bible-notes.pantheonsite.io/resources/saints-and-church-fathers/joachim-and-anne/ has been purged, triggered by action: save_post 
[2025-08-04 17:55:42 : INFO] - Cache for URL: https://dev-bible-notes.pantheonsite.io/resources/saints-and-church-fathers/joachim-and-anne/ has been purged, triggered by action: save_post 
[2025-08-04 17:58:10 : INFO] - Cache for URL: https://dev-bible-notes.pantheonsite.io/resources/saints-and-church-fathers/joachim-and-anne/ has been purged, triggered by action: save_post 
[2025-08-04 17:58:10 : INFO] - Cache for URL: https://dev-bible-notes.pantheonsite.io/resources/saints-and-church-fathers/joachim-and-anne/ has been purged, triggered by action: save_post 
[2025-08-04 18:00:57 : INFO] - Cache for URL: https://dev-bible-notes.pantheonsite.io/resources/saints-and-church-fathers/joachim-and-anne/ has been purged, triggered by action: save_post 
[2025-08-04 18:00:57 : INFO] - Cache for URL: https://dev-bible-notes.pantheonsite.io/resources/saints-and-church-fathers/joachim-and-anne/ has been purged, triggered by action: save_post 
[2025-08-04 18:01:08 : INFO] - Cache for URL: https://dev-bible-notes.pantheonsite.io/resources/saints-and-church-fathers/joachim-and-anne/ has been purged, triggered by action: save_post 
[2025-08-04 18:01:08 : INFO] - Cache for URL: https://dev-bible-notes.pantheonsite.io/resources/saints-and-church-fathers/joachim-and-anne/ has been purged, triggered by action: save_post 
[2025-08-04 18:07:52 : INFO] - Cache for URL: https://dev-bible-notes.pantheonsite.io/resources/saints-and-church-fathers/joachim-and-anne/ has been purged, triggered by action: save_post 
[2025-08-04 18:07:53 : INFO] - Cache for URL: https://dev-bible-notes.pantheonsite.io/resources/saints-and-church-fathers/joachim-and-anne/ has been purged, triggered by action: save_post 
[2025-08-04 18:09:42 : INFO] - Cache for URL: https://dev-bible-notes.pantheonsite.io/resources/saints-and-church-fathers/joachim-and-anne/ has been purged, triggered by action: save_post 
[2025-08-04 18:09:43 : INFO] - Cache for URL: https://dev-bible-notes.pantheonsite.io/resources/saints-and-church-fathers/joachim-and-anne/ has been purged, triggered by action: save_post 
[2025-08-04 18:13:15 : INFO] - Cache for URL: https://dev-bible-notes.pantheonsite.io/resources/saints-and-church-fathers/joachim-and-anne/ has been purged, triggered by action: save_post 
[2025-08-04 18:13:15 : INFO] - Cache for URL: https://dev-bible-notes.pantheonsite.io/resources/saints-and-church-fathers/joachim-and-anne/ has been purged, triggered by action: save_post 
[2025-08-04 18:14:41 : INFO] - Cache for URL: https://dev-bible-notes.pantheonsite.io/resources/saints-and-church-fathers/joachim-and-anne/ has been purged, triggered by action: save_post 
[2025-08-04 18:14:41 : INFO] - Cache for URL: https://dev-bible-notes.pantheonsite.io/resources/saints-and-church-fathers/joachim-and-anne/ has been purged, triggered by action: save_post 
[2025-08-04 18:14:52 : INFO] - Cache for URL: https://dev-bible-notes.pantheonsite.io/resources/saints-and-church-fathers/joachim-and-anne/ has been purged, triggered by action: save_post 
[2025-08-04 18:14:52 : INFO] - Cache for URL: https://dev-bible-notes.pantheonsite.io/resources/saints-and-church-fathers/joachim-and-anne/ has been purged, triggered by action: save_post 
[2025-08-04 18:16:06 : INFO] - Cache for URL: https://dev-bible-notes.pantheonsite.io/resources/saints-and-church-fathers/ has been purged, triggered by action: save_post 
[2025-08-04 18:16:07 : INFO] - Cache for URL: https://dev-bible-notes.pantheonsite.io/resources/saints-and-church-fathers/ has been purged, triggered by action: save_post 
[2025-08-04 18:17:27 : INFO] - Cache for URL: https://dev-bible-notes.pantheonsite.io/resources/saints-and-church-fathers/joachim-and-anne/ has been purged, triggered by action: save_post 
[2025-08-04 18:17:28 : INFO] - Cache for URL: https://dev-bible-notes.pantheonsite.io/resources/saints-and-church-fathers/joachim-and-anne/ has been purged, triggered by action: save_post 
[2025-08-04 18:19:48 : INFO] - Cache for URL: https://dev-bible-notes.pantheonsite.io/resources/saints-and-church-fathers/joachim-and-anne/ has been purged, triggered by action: save_post 
[2025-08-04 18:19:48 : INFO] - Cache for URL: https://dev-bible-notes.pantheonsite.io/resources/saints-and-church-fathers/joachim-and-anne/ has been purged, triggered by action: save_post 
[2025-08-04 18:20:08 : INFO] - Cache for URL: https://dev-bible-notes.pantheonsite.io/resources/saints-and-church-fathers/joachim-and-anne/ has been purged, triggered by action: save_post 
[2025-08-04 18:20:09 : INFO] - Cache for URL: https://dev-bible-notes.pantheonsite.io/resources/saints-and-church-fathers/joachim-and-anne/ has been purged, triggered by action: save_post 
[2025-08-04 18:23:46 : INFO] - Cache for URL: https://dev-bible-notes.pantheonsite.io/resources/saints-and-church-fathers/joachim-and-anne/ has been purged, triggered by action: save_post 
[2025-08-04 18:23:47 : INFO] - Cache for URL: https://dev-bible-notes.pantheonsite.io/resources/saints-and-church-fathers/joachim-and-anne/ has been purged, triggered by action: save_post 
[2025-08-04 18:25:07 : INFO] - Cache for URL: https://dev-bible-notes.pantheonsite.io/resources/saints-and-church-fathers/joachim-and-anne/ has been purged, triggered by action: save_post 
[2025-08-04 18:25:08 : INFO] - Cache for URL: https://dev-bible-notes.pantheonsite.io/resources/saints-and-church-fathers/joachim-and-anne/ has been purged, triggered by action: save_post 
[2025-08-04 18:25:48 : INFO] - Cache for URL: https://dev-bible-notes.pantheonsite.io/resources/saints-and-church-fathers/joachim-and-anne/ has been purged, triggered by action: save_post 
[2025-08-04 18:25:48 : INFO] - Cache for URL: https://dev-bible-notes.pantheonsite.io/resources/saints-and-church-fathers/joachim-and-anne/ has been purged, triggered by action: save_post 
[2025-08-04 18:26:48 : INFO] - Cache for URL: https://dev-bible-notes.pantheonsite.io/resources/saints-and-church-fathers/joachim-and-anne/ has been purged, triggered by action: save_post 
[2025-08-04 18:26:49 : INFO] - Cache for URL: https://dev-bible-notes.pantheonsite.io/resources/saints-and-church-fathers/joachim-and-anne/ has been purged, triggered by action: save_post 
[2025-08-04 18:28:34 : INFO] - Cache for URL: https://dev-bible-notes.pantheonsite.io/resources/saints-and-church-fathers/joachim-and-anne/ has been purged, triggered by action: save_post 
[2025-08-04 18:28:35 : INFO] - Cache for URL: https://dev-bible-notes.pantheonsite.io/resources/saints-and-church-fathers/joachim-and-anne/ has been purged, triggered by action: save_post 
[2025-08-04 18:29:13 : INFO] - Cache for URL: https://dev-bible-notes.pantheonsite.io/resources/saints-and-church-fathers/joachim-and-anne/ has been purged, triggered by action: save_post 
[2025-08-04 18:29:13 : INFO] - Cache for URL: https://dev-bible-notes.pantheonsite.io/resources/saints-and-church-fathers/joachim-and-anne/ has been purged, triggered by action: save_post 
[2025-08-04 18:30:24 : INFO] - Cache for URL: https://dev-bible-notes.pantheonsite.io/resources/saints-and-church-fathers/joachim-and-anne/ has been purged, triggered by action: save_post 
[2025-08-04 18:30:24 : INFO] - Cache for URL: https://dev-bible-notes.pantheonsite.io/resources/saints-and-church-fathers/joachim-and-anne/ has been purged, triggered by action: save_post 
[2025-08-05 16:22:13 : INFO] - Cache for URL: https://dev-bible-notes.pantheonsite.io/resources/saints-and-church-fathers/joseph/ has been purged, triggered by action: save_post 
[2025-08-05 16:22:13 : INFO] - Cache for URL: https://dev-bible-notes.pantheonsite.io/resources/saints-and-church-fathers/joseph/ has been purged, triggered by action: save_post 
[2025-08-05 16:23:35 : INFO] - Cache for URL: https://dev-bible-notes.pantheonsite.io/resources/saints-and-church-fathers/mary/ has been purged, triggered by action: save_post 
[2025-08-05 16:23:36 : INFO] - Cache for URL: https://dev-bible-notes.pantheonsite.io/resources/saints-and-church-fathers/mary/ has been purged, triggered by action: save_post 
[2025-08-05 16:24:43 : INFO] - Cache for URL: https://dev-bible-notes.pantheonsite.io/resources/saints-and-church-fathers/mary/ has been purged, triggered by action: save_post 
[2025-08-05 16:24:43 : INFO] - Cache for URL: https://dev-bible-notes.pantheonsite.io/resources/saints-and-church-fathers/mary/ has been purged, triggered by action: save_post 
[2025-08-05 17:43:06 : INFO] - Cache for URL: https://dev-bible-notes.pantheonsite.io/resources/genealogy-of-jesus/ has been purged, triggered by action: save_post 
[2025-08-05 17:43:06 : INFO] - Cache for URL: https://dev-bible-notes.pantheonsite.io/resources/genealogy-of-jesus/ has been purged, triggered by action: save_post 
[2025-08-05 17:44:36 : INFO] - Cache for URL: https://dev-bible-notes.pantheonsite.io/resources/genealogy-of-jesus/ has been purged, triggered by action: save_post 
[2025-08-05 17:44:37 : INFO] - Cache for URL: https://dev-bible-notes.pantheonsite.io/resources/genealogy-of-jesus/ has been purged, triggered by action: save_post 
[2025-08-05 22:16:02 : INFO] - Cache for URL: https://dev-bible-notes.pantheonsite.io/resources/saints-and-church-fathers/joseph/ has been purged, triggered by action: save_post 
[2025-08-05 22:16:02 : INFO] - Cache for URL: https://dev-bible-notes.pantheonsite.io/resources/saints-and-church-fathers/joseph/ has been purged, triggered by action: save_post 
[2025-08-05 22:17:51 : INFO] - Cache for URL: https://dev-bible-notes.pantheonsite.io/resources/saints-and-church-fathers/mary/ has been purged, triggered by action: save_post 
[2025-08-05 22:17:51 : INFO] - Cache for URL: https://dev-bible-notes.pantheonsite.io/resources/saints-and-church-fathers/mary/ has been purged, triggered by action: save_post 
[2025-08-05 22:19:29 : INFO] - Cache for URL: https://dev-bible-notes.pantheonsite.io/resources/saints-and-church-fathers/mary/ has been purged, triggered by action: save_post 
[2025-08-05 22:19:29 : INFO] - Cache for URL: https://dev-bible-notes.pantheonsite.io/resources/saints-and-church-fathers/mary/ has been purged, triggered by action: save_post 
[2025-08-05 22:27:40 : INFO] - Cache for URL: https://dev-bible-notes.pantheonsite.io/resources/saints-and-church-fathers/joachim-and-anne/ has been purged, triggered by action: save_post 
[2025-08-05 22:27:41 : INFO] - Cache for URL: https://dev-bible-notes.pantheonsite.io/resources/saints-and-church-fathers/joachim-and-anne/ has been purged, triggered by action: save_post 
[2025-08-05 22:28:03 : INFO] - Cache for URL: https://dev-bible-notes.pantheonsite.io/resources/saints-and-church-fathers/joachim-and-anne/ has been purged, triggered by action: save_post 
[2025-08-05 22:28:03 : INFO] - Cache for URL: https://dev-bible-notes.pantheonsite.io/resources/saints-and-church-fathers/joachim-and-anne/ has been purged, triggered by action: save_post 
[2025-08-05 22:29:49 : INFO] - Cache for URL: https://dev-bible-notes.pantheonsite.io/resources/saints-and-church-fathers/joachim-and-anne/ has been purged, triggered by action: save_post 
[2025-08-05 22:29:50 : INFO] - Cache for URL: https://dev-bible-notes.pantheonsite.io/resources/saints-and-church-fathers/joachim-and-anne/ has been purged, triggered by action: save_post 
[2025-08-05 22:30:13 : INFO] - Cache for URL: https://dev-bible-notes.pantheonsite.io/resources/saints-and-church-fathers/joachim-and-anne/ has been purged, triggered by action: save_post 
[2025-08-05 22:30:13 : INFO] - Cache for URL: https://dev-bible-notes.pantheonsite.io/resources/saints-and-church-fathers/joachim-and-anne/ has been purged, triggered by action: save_post 
[2025-08-05 22:39:14 : INFO] - Cache for URL: https://dev-bible-notes.pantheonsite.io/resources/saints-and-church-fathers/joachim-and-anne/ has been purged, triggered by action: save_post 
[2025-08-05 22:39:14 : INFO] - Cache for URL: https://dev-bible-notes.pantheonsite.io/resources/saints-and-church-fathers/joachim-and-anne/ has been purged, triggered by action: save_post 
[2025-08-05 22:40:28 : INFO] - Cache for URL: https://dev-bible-notes.pantheonsite.io/resources/saints-and-church-fathers/joachim-and-anne/ has been purged, triggered by action: save_post 
[2025-08-05 22:40:29 : INFO] - Cache for URL: https://dev-bible-notes.pantheonsite.io/resources/saints-and-church-fathers/joachim-and-anne/ has been purged, triggered by action: save_post 
[2025-08-05 22:40:34 : INFO] - Cache for URL: https://dev-bible-notes.pantheonsite.io/resources/saints-and-church-fathers/joachim-and-anne/ has been purged, triggered by action: save_post 
[2025-08-05 22:40:35 : INFO] - Cache for URL: https://dev-bible-notes.pantheonsite.io/resources/saints-and-church-fathers/joachim-and-anne/ has been purged, triggered by action: save_post 
[2025-08-05 22:42:42 : INFO] - Cache for URL: https://dev-bible-notes.pantheonsite.io/resources/saints-and-church-fathers/joachim-and-anne/ has been purged, triggered by action: save_post 
[2025-08-05 22:42:43 : INFO] - Cache for URL: https://dev-bible-notes.pantheonsite.io/resources/saints-and-church-fathers/joachim-and-anne/ has been purged, triggered by action: save_post 
